0 info it worked if it ends with ok
1 verbose cli [ '/usr/bin/node', '/usr/bin/npm', 'i', 'ngFx', '--save' ]
2 info using npm@2.7.4
3 info using node@v0.12.2
4 verbose node symlink /usr/bin/node
5 warn package.json shortly-angular@0.0.0 No description
6 warn package.json shortly-angular@0.0.0 No repository field.
7 warn package.json shortly-angular@0.0.0 No README data
8 warn package.json karma-mocha@0.1.10 No README data
9 silly cache add args [ 'ngFx', null ]
10 verbose cache add spec ngFx
11 silly cache add parsed spec { raw: 'ngFx',
11 silly cache add   scope: null,
11 silly cache add   name: 'ngFx',
11 silly cache add   rawSpec: '',
11 silly cache add   spec: '*',
11 silly cache add   type: 'range' }
12 verbose addNamed ngFx@*
13 silly addNamed semver.valid null
14 silly addNamed semver.validRange *
15 silly addNameRange { name: 'ngFx', range: '*', hasData: false }
16 silly mapToRegistry name ngFx
17 silly mapToRegistry using default registry
18 silly mapToRegistry registry https://registry.npmjs.org/
19 silly mapToRegistry uri https://registry.npmjs.org/ngFx
20 verbose addNameRange registry:https://registry.npmjs.org/ngFx not in flight; fetching
21 verbose request uri https://registry.npmjs.org/ngFx
22 verbose request no auth needed
23 info attempt registry request try #1 at 19:34:45
24 verbose request id a468b37bee3c670c
25 http request GET https://registry.npmjs.org/ngFx
26 http 404 https://registry.npmjs.org/ngFx
27 verbose headers { server: 'CouchDB/1.5.0 (Erlang OTP/R16B03)',
27 verbose headers   'content-type': 'application/json',
27 verbose headers   'cache-control': 'max-age=0',
27 verbose headers   'content-length': '51',
27 verbose headers   'accept-ranges': 'bytes',
27 verbose headers   date: 'Sat, 25 Apr 2015 02:34:45 GMT',
27 verbose headers   via: '1.1 varnish',
27 verbose headers   age: '0',
27 verbose headers   connection: 'keep-alive',
27 verbose headers   'x-served-by': 'cache-ord1729-ORD',
27 verbose headers   'x-cache': 'MISS',
27 verbose headers   'x-cache-hits': '0',
27 verbose headers   'x-timer': 'S1429929285.810316,VS0,VE163' }
28 silly get cb [ 404,
28 silly get   { server: 'CouchDB/1.5.0 (Erlang OTP/R16B03)',
28 silly get     'content-type': 'application/json',
28 silly get     'cache-control': 'max-age=0',
28 silly get     'content-length': '51',
28 silly get     'accept-ranges': 'bytes',
28 silly get     date: 'Sat, 25 Apr 2015 02:34:45 GMT',
28 silly get     via: '1.1 varnish',
28 silly get     age: '0',
28 silly get     connection: 'keep-alive',
28 silly get     'x-served-by': 'cache-ord1729-ORD',
28 silly get     'x-cache': 'MISS',
28 silly get     'x-cache-hits': '0',
28 silly get     'x-timer': 'S1429929285.810316,VS0,VE163' } ]
29 verbose stack Error: 404 Not Found: ngFx
29 verbose stack     at CachingRegistryClient.<anonymous> (/usr/lib/node_modules/npm/node_modules/npm-registry-client/lib/request.js:245:14)
29 verbose stack     at Request._callback (/usr/lib/node_modules/npm/node_modules/npm-registry-client/lib/request.js:170:14)
29 verbose stack     at Request.self.callback (/usr/lib/node_modules/npm/node_modules/request/request.js:344:22)
29 verbose stack     at Request.emit (events.js:110:17)
29 verbose stack     at Request.<anonymous> (/usr/lib/node_modules/npm/node_modules/request/request.js:1239:14)
29 verbose stack     at Request.emit (events.js:129:20)
29 verbose stack     at IncomingMessage.<anonymous> (/usr/lib/node_modules/npm/node_modules/request/request.js:1187:12)
29 verbose stack     at IncomingMessage.emit (events.js:129:20)
29 verbose stack     at _stream_readable.js:908:16
29 verbose stack     at process._tickCallback (node.js:355:11)
30 verbose statusCode 404
31 verbose pkgid ngFx
32 verbose cwd /home/guardian/hr/sprints/angular
33 error Linux 3.16.0-34-generic
34 error argv "/usr/bin/node" "/usr/bin/npm" "i" "ngFx" "--save"
35 error node v0.12.2
36 error npm  v2.7.4
37 error code E404
38 error 404 Not Found: ngFx
38 error 404
38 error 404 'ngFx' is not in the npm registry.
38 error 404 You should bug the author to publish it (or use the name yourself!)
38 error 404 It was specified as a dependency of 'shortly-angular'
38 error 404
38 error 404 Note that you can also install from a
38 error 404 tarball, folder, http url, or git url.
39 verbose exit [ 1, true ]
